TN:
SF:/home1/07666/mashadab/cse380-2020-student-mashadab/proj2/src/assemble.cpp
FN:13,_Z11A_1D_order2i
FN:38,_Z11A_1D_order4i
FN:69,_Z11A_2D_order2i
FN:101,_Z11A_2D_order4i
FN:140,_Z15main_assemble_Aiii
FN:163,_GLOBAL__sub_I__Z11A_1D_order2i
FNDA:9,_Z15main_assemble_Aiii
FNDA:2,_Z11A_1D_order2i
FNDA:1,_Z11A_2D_order4i
FNDA:9,_GLOBAL__sub_I__Z11A_1D_order2i
FNDA:5,_Z11A_2D_order2i
FNDA:1,_Z11A_1D_order4i
FNF:6
FNH:6
DA:13,2
DA:14,6
DA:15,2
DA:17,104
DA:19,50
DA:23,94
DA:24,46
DA:25,46
DA:26,46
DA:29,2
DA:30,2
DA:32,6
DA:33,2
DA:38,1
DA:40,3
DA:41,1
DA:43,52
DA:45,25
DA:49,43
DA:51,21
DA:52,21
DA:53,21
DA:54,21
DA:55,21
DA:58,1
DA:59,1
DA:60,1
DA:61,1
DA:63,3
DA:64,1
DA:69,5
DA:70,15
DA:71,5
DA:72,5
DA:74,4160
DA:76,2075
DA:80,4155
DA:82,2075
DA:83,360
DA:87,1715
DA:88,1715
DA:89,1715
DA:90,1715
DA:91,1715
DA:95,15
DA:96,5
DA:101,1
DA:102,3
DA:103,1
DA:104,1
DA:106,202
DA:108,100
DA:112,201
DA:114,100
DA:115,36
DA:118,64
DA:119,28
DA:123,36
DA:124,36
DA:125,36
DA:126,36
DA:127,36
DA:128,36
DA:129,36
DA:130,36
DA:131,36
DA:135,3
DA:136,1
DA:140,9
DA:142,27
DA:143,9
DA:144,6
DA:145,2
DA:148,7
DA:149,3
DA:150,1
DA:153,6
DA:154,15
DA:155,5
DA:158,1
DA:159,3
DA:160,1
DA:163,18
LF:83
LH:83
end_of_record
TN:
SF:/home1/07666/mashadab/cse380-2020-student-mashadab/proj2/src/assemble_RHS.cpp
FN:16,_Z11q_1D_order2iddd
FN:38,_Z11q_1D_order4iddd
FN:66,_Z11q_2D_order2iddd
FN:97,_Z11q_2D_order4iddd
FN:130,_Z15main_assemble_qiiiddd
FN:153,_GLOBAL__sub_I__Z11q_1D_order2iddd
FNDA:1,_Z11q_1D_order4iddd
FNDA:2,_Z11q_1D_order2iddd
FNDA:9,_GLOBAL__sub_I__Z11q_1D_order2iddd
FNDA:1,_Z11q_2D_order4iddd
FNDA:5,_Z11q_2D_order2iddd
FNDA:9,_Z15main_assemble_qiiiddd
FNF:6
FNH:6
DA:16,2
DA:17,6
DA:19,2
DA:20,2
DA:21,2
DA:22,2
DA:24,2
DA:26,94
DA:27,46
DA:30,2
DA:31,2
DA:32,6
DA:33,2
DA:38,1
DA:40,3
DA:42,1
DA:43,1
DA:44,1
DA:45,1
DA:47,1
DA:50,43
DA:51,21
DA:55,1
DA:56,1
DA:57,1
DA:58,1
DA:59,3
DA:60,1
DA:66,5
DA:68,15
DA:69,5
DA:70,5
DA:71,5
DA:72,5
DA:73,5
DA:75,5
DA:76,5
DA:78,4155
DA:79,2075
DA:80,2075
DA:82,2075
DA:83,360
DA:88,1715
DA:91,15
DA:92,5
DA:97,1
DA:99,3
DA:100,1
DA:101,1
DA:102,1
DA:103,1
DA:104,1
DA:106,1
DA:107,1
DA:109,201
DA:110,100
DA:111,100
DA:113,100
DA:114,36
DA:117,64
DA:118,28
DA:121,36
DA:124,3
DA:125,1
DA:130,9
DA:132,27
DA:133,9
DA:134,6
DA:135,2
DA:138,7
DA:139,3
DA:140,1
DA:143,6
DA:144,15
DA:145,5
DA:148,1
DA:149,3
DA:150,1
DA:153,18
LF:79
LH:79
end_of_record
TN:
SF:/home1/07666/mashadab/cse380-2020-student-mashadab/proj2/src/assemble_Texact.cpp
FN:17,_Z16Texact_1D_order2iddd
FN:37,_Z16Texact_1D_order4iddd
FN:60,_Z16Texact_2D_order2iddd
FN:83,_Z16Texact_2D_order4iddd
FN:106,_Z20main_assemble_Texactiiiddd
FN:130,_GLOBAL__sub_I__Z16Texact_1D_order2iddd
FNDA:9,_Z20main_assemble_Texactiiiddd
FNDA:1,_Z16Texact_2D_order4iddd
FNDA:1,_Z16Texact_1D_order4iddd
FNDA:9,_GLOBAL__sub_I__Z16Texact_1D_order2iddd
FNDA:2,_Z16Texact_1D_order2iddd
FNDA:5,_Z16Texact_2D_order2iddd
FNF:6
FNH:6
DA:17,2
DA:19,6
DA:21,2
DA:22,2
DA:23,2
DA:24,2
DA:26,2
DA:28,102
DA:29,50
DA:31,6
DA:32,2
DA:37,1
DA:39,3
DA:41,1
DA:42,1
DA:43,1
DA:44,1
DA:46,1
DA:49,51
DA:50,25
DA:53,3
DA:54,1
DA:60,5
DA:62,15
DA:63,5
DA:64,5
DA:65,5
DA:66,5
DA:67,5
DA:69,5
DA:70,5
DA:72,4155
DA:73,2075
DA:74,2075
DA:76,2075
DA:78,15
DA:79,5
DA:83,1
DA:85,3
DA:86,1
DA:87,1
DA:88,1
DA:89,1
DA:90,1
DA:92,1
DA:93,1
DA:95,201
DA:96,100
DA:97,100
DA:98,100
DA:100,3
DA:101,1
DA:106,9
DA:108,27
DA:110,9
DA:111,6
DA:112,2
DA:115,7
DA:116,3
DA:117,1
DA:120,6
DA:121,15
DA:122,5
DA:125,1
DA:126,3
DA:127,1
DA:130,18
LF:67
LH:67
end_of_record
TN:
SF:/home1/07666/mashadab/cse380-2020-student-mashadab/proj2/src/main_code.cpp
FN:25,main
FN:145,_Z41__static_initialization_and_destruction_0ii
FN:145,_GLOBAL__sub_I_timer
FNDA:9,_Z41__static_initialization_and_destruction_0ii
FNDA:9,_GLOBAL__sub_I_timer
FNDA:9,main
FNF:3
FNH:3
DA:23,9
DA:25,9
DA:26,27
DA:27,27
DA:28,18
DA:33,18
DA:34,18
DA:36,9
DA:37,0
DA:39,9
DA:40,9
DA:42,9
DA:43,9
DA:45,9
DA:46,9
DA:48,9
DA:49,9
DA:51,9
DA:52,9
DA:54,9
DA:55,9
DA:57,9
DA:58,9
DA:60,9
DA:61,9
DA:63,9
DA:64,9
DA:66,9
DA:67,9
DA:69,9
DA:70,9
DA:72,9
DA:73,9
DA:76,9
DA:77,9
DA:78,9
DA:79,9
DA:80,9
DA:81,9
DA:82,9
DA:84,54
DA:85,9
DA:87,9
DA:89,9
DA:90,9
DA:93,9
DA:94,3
DA:96,6
DA:97,6
DA:99,9
DA:100,4509
DA:101,2250
DA:103,9
DA:104,9
DA:105,9
DA:106,9
DA:110,9
DA:111,9
DA:112,9
DA:115,9
DA:118,9
DA:121,9
DA:122,9
DA:123,9
DA:124,9
DA:128,18
DA:131,9
DA:132,9
DA:133,9
DA:134,9
DA:135,2259
DA:136,2250
DA:138,9
DA:139,27
DA:141,9
DA:142,9
DA:143,9
DA:145,27
LF:78
LH:77
end_of_record
TN:
SF:/home1/07666/mashadab/cse380-2020-student-mashadab/proj2/src/solver.cpp
FN:10,_Z7L2_normiPd
FN:27,_Z12gauss_seideliPPdS_dj
FN:82,_Z6jacobiiPPdS_dj
FN:133,_Z11main_solverRKNSt7__cxx1112basic_stringIcSt11char_traitsIcESaIcEEEiPPdS7_dj
FN:153,_GLOBAL__sub_I__Z7L2_normiPd
FNDA:7,_Z12gauss_seideliPPdS_dj
FNDA:9,_GLOBAL__sub_I__Z7L2_normiPd
FNDA:2,_Z6jacobiiPPdS_dj
FNDA:9,_Z11main_solverRKNSt7__cxx1112basic_stringIcSt11char_traitsIcESaIcEEEiPPdS7_dj
FNDA:19931,_Z7L2_normiPd
FNF:5
FNH:5
DA:10,19931
DA:11,59793
DA:12,19931
DA:14,5242981
DA:15,10446100
DA:18,19931
DA:19,19931
DA:21,59793
DA:22,19931
DA:27,7
DA:29,21
DA:30,7
DA:31,7
DA:32,7
DA:33,7
DA:34,7
DA:36,6888
DA:40,5017188
DA:41,2505150
DA:44,5017188
DA:45,2505150
DA:46,2505150
DA:50,754959450
DA:51,752454300
DA:54,754959450
DA:55,752454300
DA:58,2505150
DA:59,2505150
DA:60,2505150
DA:66,6888
DA:68,6888
DA:69,6888
DA:74,21
DA:75,14
DA:82,2
DA:84,6
DA:85,2
DA:86,2
DA:87,2
DA:88,2
DA:89,2
DA:91,3073
DA:95,213573
DA:96,105250
DA:99,213573
DA:100,105250
DA:101,105250
DA:105,2789500
DA:106,2684250
DA:109,2789500
DA:110,2684250
DA:113,105250
DA:114,105250
DA:115,105250
DA:120,3073
DA:122,3073
DA:123,3073
DA:128,6
DA:129,4
DA:133,9
DA:134,27
DA:135,27
DA:136,27
DA:140,6
DA:141,2
DA:143,7
DA:144,21
DA:145,7
DA:148,0
DA:150,0
DA:151,0
DA:153,18
LF:72
LH:69
end_of_record
TN:
SF:/home1/07666/mashadab/cse380-2020-student-mashadab/proj2/src/verification_debug.cpp
FN:16,_Z17verification_modeiiiPdS_
FN:39,_Z17printing_matrix_AiPPd
FN:57,_Z16printing_array_qiPd
FN:73,_Z27printing_q_Tcomputed_TexactiPdS_S_
FN:88,_Z16printing_array_TiPd
FN:101,_GLOBAL__sub_I__Z17verification_modeiiiPdS_
FNDA:9,_Z16printing_array_TiPd
FNDA:9,_Z17verification_modeiiiPdS_
FNDA:9,_Z27printing_q_Tcomputed_TexactiPdS_S_
FNDA:9,_GLOBAL__sub_I__Z17verification_modeiiiPdS_
FNDA:9,_Z16printing_array_qiPd
FNDA:9,_Z17printing_matrix_AiPPd
FNF:6
FNH:6
DA:16,9
DA:17,27
DA:18,9
DA:24,9
DA:26,18
DA:27,2259
DA:28,2250
DA:30,9
DA:31,27
DA:33,27
DA:34,9
DA:39,9
DA:41,27
DA:42,9
DA:43,9
DA:44,9
DA:46,2259
DA:47,2409750
DA:48,1203750
DA:50,2250
DA:52,9
DA:53,27
DA:54,9
DA:57,9
DA:59,27
DA:60,9
DA:61,9
DA:62,9
DA:64,2259
DA:65,2250
DA:66,2250
DA:68,9
DA:69,27
DA:70,9
DA:73,9
DA:75,27
DA:76,9
DA:77,9
DA:78,9
DA:80,2259
DA:81,2250
DA:83,9
DA:84,27
DA:85,9
DA:88,9
DA:90,27
DA:91,9
DA:92,9
DA:93,9
DA:95,2259
DA:96,2250
DA:97,2250
DA:99,9
DA:100,27
DA:101,27
LF:55
LH:55
end_of_record
TN:
SF:/home1/07666/mashadab/cse380-2020-student-mashadab/proj2/src/write_output_file.cpp
FN:16,_Z12write_outputiiidddPdS_NSt7__cxx1112basic_stringIcSt11char_traitsIcESaIcEEE
FN:44,_GLOBAL__sub_I__Z12write_outputiiidddPdS_NSt7__cxx1112basic_stringIcSt11char_traitsIcESaIcEEE
FNDA:9,_Z12write_outputiiidddPdS_NSt7__cxx1112basic_stringIcSt11char_traitsIcESaIcEEE
FNDA:9,_GLOBAL__sub_I__Z12write_outputiiidddPdS_NSt7__cxx1112basic_stringIcSt11char_traitsIcESaIcEEE
FNF:2
FNH:2
DA:16,9
DA:19,9
DA:21,6
DA:22,3
DA:23,15
DA:24,153
DA:25,675
DA:27,3
DA:30,6
DA:33,12
DA:34,6
DA:35,36
DA:36,4356
DA:37,2175
DA:38,2175
DA:39,26100
DA:41,6
DA:44,27
LF:18
LH:18
end_of_record
